38031617, Accerboni, 30
37864860, Ali, 39
37605721, Allegretti, 40
32616493, Alonso, 26
37864636, Amato, 34
28408106, Avendaño, 30
34412028, Ayvar, 34
38200327, Benini, 37
35204681, Benitez, 37
36087949, Bravo, 32
27302142, Canteros, 40
32980931, Castillo, 38
36166857, Cela, 30
41450508, Chicchi, 26
33423119, Coronado, 32
29130380, Correa, 27
38028213, Crosta, 29
32605380, Elizagoyen, 37
26942727, Esposito, 26
31464233, Frigerio, 38
38142213, Gobbi, 30
36178904, Gomez, 27
35368160, Gonzalez, 37
32631539, Gonzalez, 26
31604852, Grau, 36
33907663, Gualco, 28
33116287, Guido, 32
32760802, Iglesias, 39
37754713, Iseñ, 32
13554552, Jovanovich, 35
37792163, Martin, 36
35532465, PinEtchave, 27
37753908, Rodeiro, 34
37273740, Santise, 27
37113832, Toloza, 36
32236740, Ubillos, 29
26816082, Veljacic, 38
18861210, Villca, 26
30603450, Vinci, 38
